[    0.000000] Initializing cgroup subsys cpuset
[    0.000000] Initializing cgroup subsys cpu
[    0.000000] Initializing cgroup subsys cpuacct
[    0.000000] Linux version 4.4.0-210-generic (buildd@lgw01-amd64-009) (gcc version 5.4.0 20160609 (Ubuntu 5.4.0-6ubuntu1~16.04.12) ) #242-Ubuntu SMP Fri Apr 16 09:57:56 UTC 2021 (Ubuntu 4.4.0-210.242-generic 4.4.262)
[    0.000000] Command line: BOOT_IMAGE=/boot/vmlinuz-4.4.0-210-generic root=LABEL=cloudimg-rootfs ro console=tty1 console=ttyS0
[    0.000000] KERNEL supported cpus:
[    0.000000]   Intel GenuineIntel
[    0.000000]   AMD AuthenticAMD
[    0.000000]   Centaur CentaurHauls
[    0.000000] x86/fpu: xstate_offset[2]:  576, xstate_sizes[2]:  256
[    0.000000] x86/fpu: Supporting XSAVE feature 0x01: 'x87 floating point registers'
[    0.000000] x86/fpu: Supporting XSAVE feature 0x02: 'SSE registers'
[    0.000000] x86/fpu: Supporting XSAVE feature 0x04: 'AVX registers'
[    0.000000] x86/fpu: Enabled xstate features 0x7, context size is 832 bytes, using 'standard' format.
[    0.000000] e820: BIOS-provided physical RAM map:
[    0.000000] BIOS-e820: [mem 0x0000000000000000-0x000000000009fbff] usable
[    0.000000] BIOS-e820: [mem 0x000000000009fc00-0x000000000009ffff] reserved
[    0.000000] BIOS-e820: [mem 0x00000000000f0000-0x00000000000fffff] reserved
[    0.000000] BIOS-e820: [mem 0x0000000000100000-0x000000003ffeffff] usable
[    0.000000] BIOS-e820: [mem 0x000000003fff0000-0x000000003fffffff] ACPI data
[    0.000000] BIOS-e820: [mem 0x00000000fec00000-0x00000000fec00fff] reserved
[    0.000000] BIOS-e820: [mem 0x00000000fee00000-0x00000000fee00fff] reserved
[    0.000000] BIOS-e820: [mem 0x00000000fffc0000-0x00000000ffffffff] reserved
[    0.000000] NX (Execute Disable) protection: active
[    0.000000] SMBIOS 2.5 present.
[    0.000000] Hypervisor detected: KVM
[    0.000000] e820: last_pfn = 0x3fff0 max_arch_pfn = 0x400000000
[    0.000000] MTRR: Disabled
[    0.000000] x86/PAT: MTRRs disabled, skipping PAT initialization too.
[    0.000000] CPU MTRRs all blank - virtualized system.
[    0.000000] x86/PAT: Configuration [0-7]: WB  WT  UC- UC  WB  WT  UC- UC  
[    0.000000] found SMP MP-table at [mem 0x0009fff0-0x0009ffff] mapped at [ffff88000009fff0]
[    0.000000] Scanning 1 areas for low memory corruption
[    0.000000] RAMDISK: [mem 0x362dc000-0x37165fff]
[    0.000000] ACPI: Early table checksum verification disabled
[    0.000000] ACPI: RSDP 0x00000000000E0000 000024 (v02 VBOX  )
[    0.000000] ACPI: XSDT 0x000000003FFF0030 00003C (v01 VBOX   VBOXXSDT 00000001 ASL  00000061)
[    0.000000] ACPI: FACP 0x000000003FFF00F0 0000F4 (v04 VBOX   VBOXFACP 00000001 ASL  00000061)
[    0.000000] ACPI: DSDT 0x000000003FFF0610 002353 (v02 VBOX   VBOXBIOS 00000002 INTL 20210930)
[    0.000000] ACPI: FACS 0x000000003FFF0200 000040
[    0.000000] ACPI: FACS 0x000000003FFF0200 000040
[    0.000000] ACPI: APIC 0x000000003FFF0240 00005C (v02 VBOX   VBOXAPIC 00000001 ASL  00000061)
[    0.000000] ACPI: SSDT 0x000000003FFF02A0 00036C (v01 VBOX   VBOXCPUT 00000002 INTL 20210930)
[    0.000000] No NUMA configuration found
[    0.000000] Faking a node at [mem 0x0000000000000000-0x000000003ffeffff]
[    0.000000] NODE_DATA(0) allocated [mem 0x3ffeb000-0x3ffeffff]
[    0.000000] kvm-clock: Using msrs 4b564d01 and 4b564d00
[    0.000000] kvm-clock: cpu 0, msr 0:3ffe3001, primary cpu clock
[    0.000000] kvm-clock: using sched offset of 3123625160 cycles
[    0.000000] clocksource: kvm-clock: mask: 0xffffffffffffffff max_cycles: 0x1cd42e4dffb, max_idle_ns: 881590591483 ns
[    0.000000] Zone ranges:
[    0.000000]   DMA      [mem 0x0000000000001000-0x0000000000ffffff]
[    0.000000]   DMA32    [mem 0x0000000001000000-0x000000003ffeffff]
[    0.000000]   Normal   empty
[    0.000000]   Device   empty
[    0.000000] Movable zone start for each node
[    0.000000] Early memory node ranges
[    0.000000]   node   0: [mem 0x0000000000001000-0x000000000009efff]
[    0.000000]   node   0: [mem 0x0000000000100000-0x000000003ffeffff]
[    0.000000] Initmem setup node 0 [mem 0x0000000000001000-0x000000003ffeffff]
[    0.000000] ACPI: PM-Timer IO Port: 0x4008
[    0.000000] IOAPIC[0]: apic_id 2, version 32, address 0xfec00000, GSI 0-23
[    0.000000] ACPI: INT_SRC_OVR (bus 0 bus_irq 0 global_irq 2 dfl dfl)
[    0.000000] ACPI: INT_SRC_OVR (bus 0 bus_irq 9 global_irq 9 low level)
[    0.000000] Using ACPI (MADT) for SMP configuration information
[    0.000000] smpboot: Allowing 2 CPUs, 0 hotplug CPUs
[    0.000000] PM: Registered nosave memory: [mem 0x00000000-0x00000fff]
[    0.000000] PM: Registered nosave memory: [mem 0x0009f000-0x0009ffff]
[    0.000000] PM: Registered nosave memory: [mem 0x000a0000-0x000effff]
[    0.000000] PM: Registered nosave memory: [mem 0x000f0000-0x000fffff]
[    0.000000] e820: [mem 0x40000000-0xfebfffff] available for PCI devices
[    0.000000] Booting paravirtualized kernel on KVM
[    0.000000] clocksource: refined-jiffies: mask: 0xffffffff max_cycles: 0xffffffff, max_idle_ns: 7645519600211568 ns
[    0.000000] setup_percpu: NR_CPUS:512 nr_cpumask_bits:512 nr_cpu_ids:2 nr_node_ids:1
[    0.000000] PERCPU: Embedded 33 pages/cpu @ffff88003fc00000 s95192 r8192 d31784 u1048576
[    0.000000] Built 1 zonelists in Node order, mobility grouping on.  Total pages: 257912
[    0.000000] Policy zone: DMA32
[    0.000000] Kernel command line: BOOT_IMAGE=/boot/vmlinuz-4.4.0-210-generic root=LABEL=cloudimg-rootfs ro console=tty1 console=ttyS0
[    0.000000] PID hash table entries: 4096 (order: 3, 32768 bytes)
[    0.000000] Memory: 997792K/1048120K available (8644K kernel code, 1332K rwdata, 4044K rodata, 1492K init, 1164K bss, 50328K reserved, 0K cma-reserved)
[    0.000000] SLUB: HWalign=64, Order=0-3, MinObjects=0, CPUs=2, Nodes=1
[    0.000000] Kernel/User page tables isolation: enabled
[    0.000000] Hierarchical RCU implementation.
[    0.000000] 	Build-time adjustment of leaf fanout to 64.
[    0.000000] 	RCU restricting CPUs from NR_CPUS=512 to nr_cpu_ids=2.
[    0.000000] RCU: Adjusting geometry for rcu_fanout_leaf=64, nr_cpu_ids=2
[    0.000000] NR_IRQS:33024 nr_irqs:440 16
[    0.000000] Console: colour VGA+ 80x25
[    0.000000] console [tty1] enabled
[    0.000000] console [ttyS0] enabled
[    0.000000] tsc: Detected 2302.822 MHz processor
[    0.394054] Calibrating delay loop (skipped) preset value.. 4605.64 BogoMIPS (lpj=9211288)
[    0.400724] pid_max: default: 32768 minimum: 301
[    0.403910] ACPI: Core revision 20150930
[    0.407254] ACPI: 2 ACPI AML tables successfully acquired and loaded
[    0.411515] Security Framework initialized
[    0.414143] Yama: becoming mindful.
[    0.416823] AppArmor: AppArmor initialized
[    0.419333] Dentry cache hash table entries: 131072 (order: 8, 1048576 bytes)
[    0.424892] Inode-cache hash table entries: 65536 (order: 7, 524288 bytes)
[    0.429684] Mount-cache hash table entries: 2048 (order: 2, 16384 bytes)
[    0.434520] Mountpoint-cache hash table entries: 2048 (order: 2, 16384 bytes)
[    0.439778] Initializing cgroup subsys io
[    0.442162] Initializing cgroup subsys memory
[    0.444879] Initializing cgroup subsys devices
[    0.447507] Initializing cgroup subsys freezer
[    0.450562] Initializing cgroup subsys net_cls
[    0.453172] Initializing cgroup subsys perf_event
[    0.455840] Initializing cgroup subsys net_prio
[    0.459113] Initializing cgroup subsys hugetlb
[    0.461870] Initializing cgroup subsys pids
[    0.495335] mce: CPU supports 0 MCE banks
[    0.500235] Last level iTLB entries: 4KB 0, 2MB 0, 4MB 0
[    0.503684] Last level dTLB entries: 4KB 0, 2MB 0, 4MB 0, 1GB 0
[    0.507170] Spectre V1 : Mitigation: usercopy/swapgs barriers and __user pointer sanitization
[    0.512467] Spectre V2 : Mitigation: Full generic retpoline
[    0.516545] Spectre V2 : Spectre v2 / SpectreRSB mitigation: Filling RSB on context switch
[    0.522281] Speculative Store Bypass: Vulnerable
[    0.525604] MDS: Mitigation: Clear CPU buffers
[    0.559374] Freeing SMP alternatives memory: 36K
[    0.627430] ftrace: allocating 32380 entries in 127 pages
[    1.128761] smpboot: APIC(0) Converting physical 0 to logical package 0
[    1.133799] smpboot: Max logical packages: 1
[    1.138534] x2apic enabled
[    1.141704] Switched APIC routing to physical x2apic.
[    1.152755] ..TIMER: vector=0x30 apic1=0 pin1=2 apic2=-1 pin2=-1
[    1.264728] APIC calibration not consistent with PM-Timer: 101ms instead of 100ms
[    1.271517] APIC delta adjusted to PM-Timer: 6265417 (6374079)
[    1.275822] smpboot: CPU0: Intel(R) Core(TM) i7-1068NG7 CPU @ 2.30GHz (family: 0x6, model: 0x7e, stepping: 0x5)
[    1.283015] Performance Events: unsupported p6 CPU model 126 no PMU driver, software events only.
[    1.358890] KVM setup paravirtual spinlock
[    1.363147] x86: Booting SMP configuration:
[    1.365772] .... node  #0, CPUs:      #1
[    1.369133] kvm-clock: cpu 1, msr 0:3ffe3041, secondary cpu clock
[    1.401953] mce: CPU supports 0 MCE banks
[    1.407194] x86: Booted up 1 node, 2 CPUs
[    1.412517] smpboot: Total of 2 processors activated (9211.28 BogoMIPS)
[    1.420081] devtmpfs: initialized
[    1.423245] evm: security.selinux
[    1.425510] evm: security.SMACK64
[    1.427867] evm: security.SMACK64EXEC
[    1.431095] evm: security.SMACK64TRANSMUTE
[    1.433686] evm: security.SMACK64MMAP
[    1.435970] evm: security.ima
[    1.437866] evm: security.capability
[    1.440280] clocksource: jiffies: mask: 0xffffffff max_cycles: 0xffffffff, max_idle_ns: 7645041785100000 ns
[    1.446429] futex hash table entries: 512 (order: 3, 32768 bytes)
[    1.450805] pinctrl core: initialized pinctrl subsystem
[    1.454336] RTC time: 16:49:45, date: 06/09/23
[    1.457748] NET: Registered protocol family 16
[    1.468841] cpuidle: using governor ladder
[    1.482783] cpuidle: using governor menu
[    1.486120] PCCT header not found.
[    1.488547] ACPI: bus type PCI registered
[    1.491401] acpiphp: ACPI Hot Plug PCI Controller Driver version: 0.5
[    1.495556] PCI: Using configuration type 1 for base access
[    1.511673] ACPI: Added _OSI(Module Device)
[    1.514983] ACPI: Added _OSI(Processor Device)
[    1.517897] ACPI: Added _OSI(3.0 _SCP Extensions)
[    1.520706] ACPI: Added _OSI(Processor Aggregator Device)
[    1.524704] ACPI: Executed 1 blocks of module-level executable AML code
[    1.531642] ACPI: Interpreter enabled
[    1.533995] ACPI: (supports S0 S5)
[    1.536045] ACPI: Using IOAPIC for interrupt routing
[    1.539218] PCI: Using host bridge windows from ACPI; if necessary, use "pci=nocrs" and report a bug
[    1.551304] ACPI: PCI Root Bridge [PCI0] (domain 0000 [bus 00-ff])
[    1.554877] acpi PNP0A03:00: _OSC: OS supports [ASPM ClockPM Segments MSI]
[    1.559153] acpi PNP0A03:00: _OSC: not requesting OS control; OS requires [ExtendedConfig ASPM ClockPM MSI]
[    1.564605] acpi PNP0A03:00: fail to add MMCONFIG information, can't access extended PCI configuration space under this bridge.
[    1.571374] PCI host bridge to bus 0000:00
[    1.573767] pci_bus 0000:00: root bus resource [io  0x0000-0x0cf7 window]
[    1.577574] pci_bus 0000:00: root bus resource [io  0x0d00-0xffff window]
[    1.581393] pci_bus 0000:00: root bus resource [mem 0x000a0000-0x000bffff window]
[    1.585891] pci_bus 0000:00: root bus resource [mem 0x40000000-0xfdffffff window]
[    1.590077] pci_bus 0000:00: root bus resource [bus 00-ff]
[    1.598693] pci 0000:00:01.1: legacy IDE quirk: reg 0x10: [io  0x01f0-0x01f7]
[    1.613158] pci 0000:00:01.1: legacy IDE quirk: reg 0x14: [io  0x03f6]
[    1.617033] pci 0000:00:01.1: legacy IDE quirk: reg 0x18: [io  0x0170-0x0177]
[    1.621016] pci 0000:00:01.1: legacy IDE quirk: reg 0x1c: [io  0x0376]
[    1.659762] pci 0000:00:07.0: quirk: [io  0x4000-0x403f] claimed by PIIX4 ACPI
[    1.664082] pci 0000:00:07.0: quirk: [io  0x4100-0x410f] claimed by PIIX4 SMB
[    1.679632] ACPI: PCI Interrupt Link [LNKA] (IRQs 5 9 10 *11)
[    1.685177] ACPI: PCI Interrupt Link [LNKB] (IRQs 5 9 *10 11)
[    1.689769] ACPI: PCI Interrupt Link [LNKC] (IRQs 5 *9 10 11)
[    1.694376] ACPI: PCI Interrupt Link [LNKD] (IRQs 5 9 10 *11)
[    1.699376] ACPI: Enabled 2 GPEs in block 00 to 07
[    1.702754] vgaarb: setting as boot device: PCI:0000:00:02.0
[    1.706035] vgaarb: device added: PCI:0000:00:02.0,decodes=io+mem,owns=io+mem,locks=none
[    1.710609] vgaarb: loaded
[    1.712365] vgaarb: bridge control possible 0000:00:02.0
[    1.717117] SCSI subsystem initialized
[    1.719568] ACPI: bus type USB registered
[    1.721859] usbcore: registered new interface driver usbfs
[    1.725005] usbcore: registered new interface driver hub
[    1.728350] usbcore: registered new device driver usb
[    1.732058] PCI: Using ACPI for IRQ routing
[    1.735568] NetLabel: Initializing
[    1.737932] NetLabel:  domain hash size = 128
[    1.740506] NetLabel:  protocols = UNLABELED CIPSOv4
[    1.743274] NetLabel:  unlabeled traffic allowed by default
[    1.746766] amd_nb: Cannot enumerate AMD northbridges
[    1.749872] clocksource: Switched to clocksource kvm-clock
[    1.766718] AppArmor: AppArmor Filesystem Enabled
[    1.769486] pnp: PnP ACPI init
[    1.772856] pnp: PnP ACPI: found 3 devices
[    1.791481] clocksource: acpi_pm: mask: 0xffffff max_cycles: 0xffffff, max_idle_ns: 2085701024 ns
[    1.796674] NET: Registered protocol family 2
[    1.799697] TCP established hash table entries: 8192 (order: 4, 65536 bytes)
[    1.803814] TCP bind hash table entries: 8192 (order: 5, 131072 bytes)
[    1.807572] TCP: Hash tables configured (established 8192 bind 8192)
[    1.811407] UDP hash table entries: 512 (order: 2, 16384 bytes)
[    1.814790] UDP-Lite hash table entries: 512 (order: 2, 16384 bytes)
[    1.818430] NET: Registered protocol family 1
[    1.820924] pci 0000:00:00.0: Limiting direct PCI/PCI transfers
[    1.824309] pci 0000:00:01.0: Activating ISA DMA hang workarounds
[    1.828249] Unpacking initramfs...
[    2.090390] Freeing initrd memory: 14888K
[    2.092829] clocksource: tsc: mask: 0xffffffffffffffff max_cycles: 0x21319ee5842, max_idle_ns: 440795242547 ns
[    2.098679] platform rtc_cmos: registered platform RTC device (no PNP device found)
[    2.103462] Scanning for low memory corruption every 60 seconds
[    2.108033] audit: initializing netlink subsys (disabled)
[    2.111248] audit: type=2000 audit(1686329390.313:1): initialized
[    2.115596] Initialise system trusted keyring
[    2.118830] HugeTLB registered 2 MB page size, pre-allocated 0 pages
[    2.123797] zbud: loaded
[    2.126091] VFS: Disk quotas dquot_6.6.0
[    2.128366] VFS: Dquot-cache hash table entries: 512 (order 0, 4096 bytes)
[    2.132959] squashfs: version 4.0 (2009/01/31) Phillip Lougher
[    2.138457] fuse init (API version 7.23)
[    2.141252] Key type big_key registered
[    2.143678] Allocating IMA MOK and blacklist keyrings.
[    2.150174] Key type asymmetric registered
[    2.152955] Asymmetric key parser 'x509' registered
[    2.155922] Block layer SCSI generic (bsg) driver version 0.4 loaded (major 249)
[    2.160234] io scheduler noop registered
[    2.162801] io scheduler deadline registered (default)
[    2.166065] io scheduler cfq registered
[    2.168362] pci_hotplug: PCI Hot Plug PCI Core version: 0.5
[    2.171472] pciehp: PCI Express Hot Plug Controller Driver version: 0.4
[    2.175648] ACPI: AC Adapter [AC] (on-line)
[    2.178088] input: Power Button as /devices/LNXSYSTM:00/LNXPWRBN:00/input/input0
[    2.182703] ACPI: Power Button [PWRF]
[    2.184995] input: Sleep Button as /devices/LNXSYSTM:00/LNXSLPBN:00/input/input1
[    2.189180] ACPI: Sleep Button [SLPF]
[    2.191847] GHES: HEST is not enabled!
[    2.193988] ACPI: Battery Slot [BAT0] (battery present)
[    2.198077] Serial: 8250/16550 driver, 32 ports, IRQ sharing enabled
[    2.226744] 00:02: ttyS0 at I/O 0x3f8 (irq = 4, base_baud = 115200) is a 16550A
[    2.236464] Linux agpgart interface v0.103
[    2.242851] loop: module loaded
[    2.246376] scsi host0: ata_piix
[    2.248740] scsi host1: ata_piix
[    2.250710] ata1: PATA max UDMA/33 cmd 0x1f0 ctl 0x3f6 bmdma 0xd000 irq 14
[    2.254536] ata2: PATA max UDMA/33 cmd 0x170 ctl 0x376 bmdma 0xd008 irq 15
[    2.258633] libphy: Fixed MDIO Bus: probed
[    2.261192] tun: Universal TUN/TAP device driver, 1.6
[    2.264327] tun: (C) 1999-2004 Max Krasnyansky <maxk@qualcomm.com>
[    2.268088] PPP generic driver version 2.4.2
[    2.270734] ehci_hcd: USB 2.0 'Enhanced' Host Controller (EHCI) Driver
[    2.274875] ehci-pci: EHCI PCI platform driver
[    2.277425] ehci-platform: EHCI generic platform driver
[    2.280638] ohci_hcd: USB 1.1 'Open' Host Controller (OHCI) Driver
[    2.284250] ohci-pci: OHCI PCI platform driver
[    2.286851] ohci-platform: OHCI generic platform driver
[    2.289755] uhci_hcd: USB Universal Host Controller Interface driver
[    2.293431] i8042: PNP: PS/2 Controller [PNP0303:PS2K,PNP0f03:PS2M] at 0x60,0x64 irq 1,12
[    2.300445] serio: i8042 KBD port at 0x60,0x64 irq 1
[    2.303572] serio: i8042 AUX port at 0x60,0x64 irq 12
[    2.306887] mousedev: PS/2 mouse device common for all mice
[    2.311512] input: AT Translated Set 2 keyboard as /devices/platform/i8042/serio0/input/input2
[    2.318426] rtc_cmos rtc_cmos: rtc core: registered rtc_cmos as rtc0
[    2.322383] rtc_cmos rtc_cmos: alarms up to one day, 114 bytes nvram
[    2.325887] i2c /dev entries driver
[    2.328068] device-mapper: uevent: version 1.0.3
[    2.330945] device-mapper: ioctl: 4.34.0-ioctl (2015-10-28) initialised: dm-devel@redhat.com
[    2.335789] ledtrig-cpu: registered to indicate activity on CPUs
[    2.339908] NET: Registered protocol family 10
[    2.342799] NET: Registered protocol family 17
[    2.345449] Key type dns_resolver registered
[    2.348976] registered taskstats version 1
[    2.351901] Loading compiled-in X.509 certificates
[    2.355236] Loaded X.509 cert 'Build time autogenerated kernel key: cf00e047681d67edb2720680708b7d9498083038'
[    2.361279] zswap: loaded using pool lzo/zbud
[    2.366543] Key type trusted registered
[    2.372854] Key type encrypted registered
[    2.375223] AppArmor: AppArmor sha1 policy hashing enabled
[    2.378333] ima: No TPM chip found, activating TPM-bypass!
[    2.381546] ima: Allocated hash algorithm: sha1
[    2.384425] evm: HMAC attrs: 0x1
[    2.387895]   Magic number: 11:161:843
[    2.390572] rtc_cmos rtc_cmos: setting system clock to 2023-06-09 16:49:46 UTC (1686329386)
[    2.396100] BIOS EDD facility v0.16 2004-Jun-25, 0 devices found
[    2.399751] EDD information not available.
[    2.464307] Freeing unused kernel memory: 1492K
[    2.467125] Write protecting the kernel read-only data: 14336k
[    2.471070] Freeing unused kernel memory: 1584K
[    2.474004] Freeing unused kernel memory: 52K
Loading, please wait...
starting version 229
[    2.494523] random: systemd-udevd: uninitialized urandom read (16 bytes read, 5 bits of entropy available)
[    2.495378] random: udevadm: uninitialized urandom read (16 bytes read, 5 bits of entropy available)
[    2.495438] random: udevadm: uninitialized urandom read (16 bytes read, 5 bits of entropy available)
[    2.513104] random: udevadm: uninitialized urandom read (16 bytes read, 5 bits of entropy available)
[    2.513210] random: udevadm: uninitialized urandom read (16 bytes read, 5 bits of entropy available)
[    2.513429] random: udevadm: uninitialized urandom read (16 bytes read, 5 bits of entropy available)
[    2.514016] random: udevadm: uninitialized urandom read (16 bytes read, 5 bits of entropy available)
[    2.514146] random: udevadm: uninitialized urandom read (16 bytes read, 5 bits of entropy available)
[    2.514276] random: udevadm: uninitialized urandom read (16 bytes read, 5 bits of entropy available)
[    2.514405] random: udevadm: uninitialized urandom read (16 bytes read, 5 bits of entropy available)
[    2.622946] Fusion MPT base driver 3.04.20
[    2.628256] Copyright (c) 1999-2008 LSI Corporation
[    2.669510] AVX2 version of gcm_enc/dec engaged.
[    2.676111] AES CTR mode by8 optimization enabled
[    2.681825] e1000: Intel(R) PRO/1000 Network Driver - version 7.3.21-k8-NAPI
[    2.687182] e1000: Copyright (c) 1999-2006 Intel Corporation.
[    2.711211] Fusion MPT SPI Host driver 3.04.20
[    2.864879] input: ImExPS/2 Generic Explorer Mouse as /devices/platform/i8042/serio1/input/input4
[    3.163954] e1000 0000:00:03.0 eth0: (PCI:33MHz:32-bit) 02:be:82:6b:cc:1d
[    3.168292] e1000 0000:00:03.0 eth0: Intel(R) PRO/1000 Network Connection
[    3.174562] mptbase: ioc0: Initiating bringup
[    3.247787] ioc0: LSI53C1030 A0: Capabilities={Initiator}
[    3.427084] scsi host2: ioc0: LSI53C1030 A0, FwRev=00000000h, Ports=1, MaxQ=256, IRQ=20
[    3.547313] scsi 2:0:0:0: Direct-Access     VBOX     HARDDISK         1.0  PQ: 0 ANSI: 5
[    3.556249] scsi target2:0:0: Beginning Domain Validation
[    3.564200] scsi target2:0:0: Domain Validation skipping write tests
[    3.568415] scsi target2:0:0: Ending Domain Validation
[    3.571818] scsi target2:0:0: asynchronous
[    3.575363] scsi 2:0:1:0: Direct-Access     VBOX     HARDDISK         1.0  PQ: 0 ANSI: 5
[    3.580880] scsi target2:0:1: Beginning Domain Validation
[    3.587402] scsi target2:0:1: Domain Validation skipping write tests
[    3.595400] scsi target2:0:1: Ending Domain Validation
[    3.599418] scsi target2:0:1: asynchronous
[    3.626090] sd 2:0:0:0: Attached scsi generic sg0 type 0
[    3.631048] sd 2:0:1:0: Attached scsi generic sg1 type 0
[    3.636616] sd 2:0:1:0: [sdb] 20480 512-byte logical blocks: (10.5 MB/10.0 MiB)
[    3.641319] sd 2:0:0:0: [sda] 83886080 512-byte logical blocks: (42.9 GB/40.0 GiB)
[    3.648169] sd 2:0:0:0: [sda] Write Protect is off
[    3.652157] sd 2:0:1:0: [sdb] Write Protect is off
[    3.655803] sd 2:0:0:0: [sda] Incomplete mode parameter data
[    3.659660] sd 2:0:0:0: [sda] Assuming drive cache: write through
[    3.666950] sd 2:0:1:0: [sdb] Incomplete mode parameter data
[    3.671464] sd 2:0:1:0: [sdb] Assuming drive cache: write through
[    3.682763] sd 2:0:1:0: [sdb] Attached SCSI disk
[    3.686395]  sda: sda1
[    3.690804] sd 2:0:0:0: [sda] Attached SCSI disk
[    4.035516] e1000 0000:00:08.0 eth1: (PCI:33MHz:32-bit) 08:00:27:7b:68:a7
[    4.039614] e1000 0000:00:08.0 eth1: Intel(R) PRO/1000 Network Connection
[    4.046164] e1000 0000:00:03.0 enp0s3: renamed from eth0
[    4.058269] e1000 0000:00:08.0 enp0s8: renamed from eth1
Begin: Loading essential drivers ... [    5.563149] md: linear personality registered for level -1
[    5.570167] md: multipath personality registered for level -4
[    5.577266] md: raid0 personality registered for level 0
[    5.590782] md: raid1 personality registered for level 1
[    5.666666] raid6: sse2x1   gen() 11708 MB/s
[    5.738101] raid6: sse2x1   xor()  8141 MB/s
[    5.810728] raid6: sse2x2   gen() 16858 MB/s
[    5.882263] raid6: sse2x2   xor()  9714 MB/s
[    5.958478] raid6: sse2x4   gen() 14201 MB/s
[    6.030693] raid6: sse2x4   xor()  7439 MB/s
[    6.102531] raid6: avx2x1   gen() 21230 MB/s
[    6.174090] raid6: avx2x2   gen() 28548 MB/s
[    6.242459] raid6: avx2x4   gen() 30510 MB/s
[    6.247499] raid6: using algorithm avx2x4 gen() 30510 MB/s
[    6.252338] raid6: using avx2x2 recovery algorithm
[    6.257493] xor: automatically using best checksumming function:
[    6.338101]    avx       : 64016.000 MB/sec
[    6.344399] async_tx: api initialized (async)
[    6.372198] md: raid6 personality registered for level 6
[    6.375457] md: raid5 personality registered for level 5
[    6.378748] md: raid4 personality registered for level 4
[    6.395643] md: raid10 personality registered for level 10
done.
Begin: Running /scripts/init-premount ... done.
Begin: Mounting root file system ... Begin: Running /scripts/local-top ... done.
Begin: Running /scripts/local-premount ... [    6.458832] Btrfs loaded
Scanning for Btrfs filesystems
done.
Warning: fsck not present, so skipping root file system
[    6.491129] EXT4-fs (sda1): mounted filesystem with ordered data mode. Opts: (null)
done.
Begin: Running /scripts/local-bottom ... done.
Begin: Running /scripts/init-bottom ... done.
[    6.593966] systemd[1]: systemd 229 running in system mode. (+PAM +AUDIT +SELINUX +IMA +APPARMOR +SMACK +SYSVINIT +UTMP +LIBCRYPTSETUP +GCRYPT +GNUTLS +ACL +XZ -LZ4 +SECCOMP +BLKID +ELFUTILS +KMOD -IDN)
[    6.605036] systemd[1]: Detected virtualization oracle.
[    6.608446] systemd[1]: Detected architecture x86-64.

Welcome to [1mUbuntu 16.04.7 LTS[0m!

[    6.616688] systemd[1]: Set hostname to <ubuntu>.
[    6.622374] systemd[1]: Initializing machine ID from random generator.
[    6.626455] systemd[1]: Installed transient /etc/machine-id file.
[    6.764788] systemd[1]: Listening on LVM2 poll daemon socket.
[[0;32m  OK  [0m] Listening on LVM2 poll daemon socket.
[    6.771387] systemd[1]: Listening on /dev/initctl Compatibility Named Pipe.
[[0;32m  OK  [0m] Listening on /dev/initctl Compatibility Named Pipe.
[    6.778265] systemd[1]: Listening on Journal Socket.
[[0;32m  OK  [0m] Listening on Journal Socket.
[    6.784359] systemd[1]: Listening on udev Control Socket.
[[0;32m  OK  [0m] Listening on udev Control Socket.
[    6.792005] systemd[1]: Reached target Encrypted Volumes.
[[0;32m  OK  [0m] Reached target Encrypted Volumes.
[    6.806519] systemd[1]: Listening on udev Kernel Socket.
[[0;32m  OK  [0m] Listening on udev Kernel Socket.
[    6.818819] systemd[1]: Created slice System Slice.
[[0;32m  OK  [0m] Created slice System Slice.
[    6.834274] systemd[1]: Starting Create list of required static device nodes for the current kernel...
         Starting Create list of required st... nodes for the current kernel...
[    6.846361] systemd[1]: Starting Nameserver information manager...
         Starting Nameserver information manager...
[    6.853577] systemd[1]: Set up automount Arbitrary Executable File Formats File System Automount Point.
[[0;32m  OK  [0m] Set up automount Arbitrary Executab...ats File System Automount Point.
[    6.862804] systemd[1]: Listening on Journal Audit Socket.
[[0;32m  OK  [0m] Listening on Journal Audit Socket.
[    6.874729] systemd[1]: Reached target User and Group Name Lookups.
[[0;32m  OK  [0m] Reached target User and Group Name Lookups.
[    6.882226] systemd[1]: Listening on Device-mapper event daemon FIFOs.
[[0;32m  OK  [0m] Listening on Device-mapper event daemon FIFOs.
[    6.889178] systemd[1]: Listening on LVM2 metadata daemon socket.
[[0;32m  OK  [0m] Listening on LVM2 metadata daemon socket.
[    6.895722] systemd[1]: Created slice User and Session Slice.
[[0;32m  OK  [0m] Created slice User and Session Slice.
[    6.914871] systemd[1]: Starting Monitoring of LVM2 mirrors, snapshots etc. using dmeventd or progress polling...
         Starting Monitoring of LVM2 mirrors... dmeventd or progress polling...
[    6.925604] systemd[1]: Listening on fsck to fsckd communication Socket.
[[0;32m  OK  [0m] Listening on fsck to fsckd communication Socket.
[    6.934344] systemd[1]: Starting File System Check on Root Device...
         Starting File System Check on Root Device...
[    6.942232] systemd[1]: Listening on Syslog Socket.
[[0;32m  OK  [0m] Listening on Syslog Socket.
[    6.952678] systemd[1]: Reached target System Time Synchronized.
[[0;32m  OK  [0m] Reached target System Time Synchronized.
[    6.959817] systemd[1]: Listening on Journal Socket (/dev/log).
[[0;32m  OK  [0m] Listening on Journal Socket (/dev/log).
[    6.982260] systemd[1]: Starting Journal Service...
         Starting Journal Service...
[    6.988909] systemd[1]: Reached target Slices.
[[0;32m  OK  [0m] Reached target Slices.
[    6.994930] systemd[1]: Mounting Debug File System...
         Mounting Debug File System...
[    7.002105] systemd[1]: Reached target Swap.
[[0;32m  OK  [0m] Reached target Swap.
[    7.014160] systemd[1]: Starting Load Kernel Modules...
         Starting Load Kernel Modules...
[    7.022858] systemd[1]: Starting Set console keymap...
         Starting Set console keymap...
[    7.033082] systemd[1]: Mounting Huge Pages File System...
[    7.041504] Loading iSCSI transport class v2.0-870.
         [    7.047258] random: nonblocking pool is initialized
Mounting Huge Pages File System...
[    7.055717] systemd[1]: Mounting POSIX Message Queue File System...
         Mounting POSIX Message Queue File System...
[    7.072816] systemd[1]: Starting Uncomplicated firewall...
[    7.079071] iscsi: registered transport (tcp)
         Starting Uncomplicated firewall...
[    7.089363] systemd[1]: Created slice system-serial\x2dgetty.slice.
[[0;32m  OK  [0m] Created slice system-serial\x2dgetty.slice.
[    7.100203] systemd[1]: Started Trigger resolvconf update for networkd DNS.
[[0;32m  OK  [0m] Started Trigger resolvconf update for networkd DNS.
[    7.111279] systemd[1]: Started Forward Password Requests to Wall Directory Watch.
[[0;32m  OK  [0m] Started Forward Password Requests to Wall Directory Watch.
[    7.141457] systemd[1]: Mounted Huge Pages File System.
[[0;32m  OK  [0m] Mounted Huge Pages File System.
[    7.150879] systemd[1]: Mounted POSIX Message Queue File System.
[[0;32m  OK  [0m] Mounted POSIX Message Queue File System.
[    7.161355] systemd[1]: Mounted Debug File System.
[[0;32m  OK  [0m] Mounted Debug File System.
[    7.169854] systemd[1]: Started Journal Service.
[[0;32m  OK  [0m] Started Journal Service.
[[0;32m  OK  [0m] Started Create list of required sta...ce nodes for the current kernel.
[    7.184103] iscsi: registered transport (iser)
[[0;32m  OK  [0m] Started File System Check on Root Device.
[[0;32m  OK  [0m] Started Load Kernel Modules.
[[0;32m  OK  [0m] Started Set console keymap.
[[0;32m  OK  [0m] Started Uncomplicated firewall.
[[0;32m  OK  [0m] Started Nameserver information manager.
[[0;32m  OK  [0m] Started File System Check Daemon to report status.
[[0;32m  OK  [0m] Started LVM2 metadata daemon.
         Mounting FUSE Control File System...
         Starting Apply Kernel Variables...
         Starting Remount Root and Kernel File Systems...
         Starting Create Static Device Nodes in /dev...
[[0;32m  OK  [0m] Mounted FUSE Control File System.
[[0;32m  OK  [0m] Started Apply Kernel Variables.
[[0;32m  OK  [0m] Started Remount Root and Kernel File Systems.
         Starting Flush Journal to Persistent Storage...
         Starting udev Coldplug all Devices...
         Starting Load/Save Random Seed...
[[0;32m  OK  [0m] Started Load/Save Random Seed.
[[0;32m  OK  [0m] Started Flush Journal to Persistent Storage.
[[0;32m  OK  [0m] Started Create Static Device Nodes in /dev.
         Starting udev Kernel Device Manager...
[[0;32m  OK  [0m] Started udev Kernel Device Manager.
[[0;32m  OK  [0m] Started udev Coldplug all Devices.
[[0;32m  OK  [0m] Started Dispatch Password Requests to Console Directory Watch.
[[0;32m  OK  [0m] Found device /dev/ttyS0.
[[0;32m  OK  [0m] Listening on Load/Save RF Kill Switch Status /dev/rfkill Watch.
[[0;32m  OK  [0m] Started Monitoring of LVM2 mirrors,...ng dmeventd or progress polling.
[[0;32m  OK  [0m] Reached target Local File Systems (Pre).
[[0;32m  OK  [0m] Reached target Local File Systems.
         Starting Initial cloud-init job (pre-networking)...
         Starting Create Volatile Files and Directories...
         Starting LSB: AppArmor initialization...
         Starting Set console font and keymap...
         Starting Commit a transient machine-id on disk...
         Starting Tell Plymouth To Write Out Runtime Data...
[[0;32m  OK  [0m] Started Tell Plymouth To Write Out Runtime Data.
[[0;32m  OK  [0m] Started Create Volatile Files and Directories.
[[0;32m  OK  [0m] Started Commit a transient machine-id on disk.
         Starting Update UTMP about System Boot/Shutdown...
[[0;32m  OK  [0m] Started Update UTMP about System Boot/Shutdown.
[    8.414687] cloud-init[603]: Cloud-init v. 21.1-19-gbad84ad4-0ubuntu1~16.04.2 running 'init-local' at Fri, 09 Jun 2023 16:49:52 +0000. Up 7.94 seconds.
[[0;32m  OK  [0m] Started LSB: AppArmor initialization.
[[0;32m  OK  [0m] Started Set console font and keymap.
[[0;32m  OK  [0m] Started Initial cloud-init job (pre-networking).
[[0;32m  OK  [0m] Reached target Network (Pre).
[[0;32m  OK  [0m] Created slice system-getty.slice.
         Starting Raise network interfaces...
         Starting Load AppArmor profiles managed internally by snapd...
[[0;32m  OK  [0m] Started Load AppArmor profiles managed internally by snapd.
[[0;32m  OK  [0m] Started Raise network interfaces.
[[0;32m  OK  [0m] Reached target Network.
         Starting Initial cloud-init job (metadata service crawler)...
[    9.530000] cloud-init[960]: Cloud-init v. 21.1-19-gbad84ad4-0ubuntu1~16.04.2 running 'init' at Fri, 09 Jun 2023 16:49:54 +0000. Up 9.01 seconds.
[    9.545823] cloud-init[960]: ci-info: ++++++++++++++++++++++++++++++++++++++Net device info+++++++++++++++++++++++++++++++++++++++
[    9.557496] cloud-init[960]: ci-info: +--------+-------+----------------------------+---------------+--------+-------------------+
[    9.570459] cloud-init[960]: ci-info: | Device |   Up  |          Address           |      Mask     | Scope  |     Hw-Address    |
[    9.577512] cloud-init[960]: ci-info: +--------+-------+----------------------------+---------------+--------+-------------------+
[    9.589186] cloud-init[960]: ci-info: | enp0s3 |  True |         10.0.2.15          | 255.255.255.0 | global | 02:be:82:6b:cc:1d |
[    9.595132] cloud-init[960]: ci-info: | enp0s3 |  True | fe80::be:82ff:fe6b:cc1d/64 |       .       |  link  | 02:be:82:6b:cc:1d |
[    9.600499] cloud-init[960]: ci-info: | enp0s8 | False |             .              |       .       |   .    | 08:00:27:7b:68:a7 |
[    9.605926] cloud-init[960]: ci-info: |   lo   |  True |         127.0.0.1          |   255.0.0.0   |  host  |         .         |
[    9.610840] cloud-init[960]: ci-info: |   lo   |  True |          ::1/128           |       .       |  host  |         .         |
[    9.615592] cloud-init[960]: ci-info: +--------+-------+----------------------------+---------------+--------+-------------------+
[    9.621840] cloud-init[960]: ci-info: +++++++++++++++++++++++++++Route IPv4 info++++++++++++++++++++++++++++
[    9.627232] cloud-init[960]: ci-info: +-------+-------------+----------+---------------+-----------+-------+
[    9.632727] cloud-init[960]: ci-info: | Route | Destination | Gateway  |    Genmask    | Interface | Flags |
[    9.638101] cloud-init[960]: ci-info: +-------+-------------+----------+---------------+-----------+-------+
[    9.642234] cloud-init[960]: ci-info: |   0   |   0.0.0.0   | 10.0.2.2 |    0.0.0.0    |   enp0s3  |   UG  |
[    9.646921] cloud-init[960]: ci-info: |   1   |   10.0.2.0  | 0.0.0.0  | 255.255.255.0 |   enp0s3  |   U   |
[    9.651238] cloud-init[960]: ci-info: +-------+-------------+----------+---------------+-----------+-------+
[    9.655469] cloud-init[960]: ci-info: +++++++++++++++++++Route IPv6 info+++++++++++++++++++
[    9.659606] cloud-init[960]: ci-info: +-------+-------------+---------+-----------+-------+
[    9.664266] cloud-init[960]: ci-info: | Route | Destination | Gateway | Interface | Flags |
[    9.668822] cloud-init[960]: ci-info: +-------+-------------+---------+-----------+-------+
[    9.673201] cloud-init[960]: ci-info: |   0   |  fe80::/64  |    ::   |   enp0s3  |   U   |
[    9.677433] cloud-init[960]: ci-info: |   3   |   ff00::/8  |    ::   |   enp0s3  |   U   |
[    9.681942] cloud-init[960]: ci-info: +-------+-------------+---------+-----------+-------+
[    9.686732] cloud-init[960]: Generating public/private rsa key pair.
[    9.689866] cloud-init[960]: Your identification has been saved in /etc/ssh/ssh_host_rsa_key.
[    9.693943] cloud-init[960]: Your public key has been saved in /etc/ssh/ssh_host_rsa_key.pub.
[    9.697578] cloud-init[960]: The key fingerprint is:
[    9.700216] cloud-init[960]: SHA256:WHSbqAQxvDvliw4zmarQ8RR0UXjeGnWSBM6PKpx24mA root@ubuntu-xenial
[    9.704248] cloud-init[960]: The key's randomart image is:
[    9.708016] cloud-init[960]: +---[RSA 2048]----+
[    9.710825] cloud-init[960]: |   .=.o++oo.     |
[[    9.713269] cloud-init[960]: |   ..+.+.o+o.    |
[    9.713604] cloud-init[960]: |    ...o=ooo     |
[    9.713946] cloud-init[960]: |    .o.+oo.      |
[    9.714261] cloud-init[960]: |  . .+o So.      |
[    9.714604] cloud-init[960]: | . Bo....        |
[    9.714945] cloud-init[960]: |. E Boo.         |
[    9.715263] cloud-init[960]: |.o B.+.          |
[    9.715560] cloud-init[960]: |+  .o            |
[    9.716022] cloud-init[960]: +----[SHA256]-----+
[    9.716679] cloud-init[960]: Generating public/private dsa key pair.
[    9.717858] cloud-init[960]: Your identification has been saved in /etc/ssh/ssh_host_dsa_key.
[    9.718243] cloud-init[960]: Your public key has been saved in /etc/ssh/ssh_host_dsa_key.pub.
[    9.718641] cloud-init[960]: The key fingerprint is:
[    9.718724] cloud-init[960]: SHA256:gxkLbTjPCXpBpAq3Ege39/h/BDPOTtA0tLvJ9niOzFc root@ubuntu-xenial
[    9.718811] cloud-init[960]: The key's randomart image is:
[    9.719637] cloud-init[960]: +---[DSA 1024]----+
[    9.720776] cloud-init[960]: |. ..o  ..        |
[    9.721773] cloud-init[960]: | o + o  o.       |
[    9.722186] cloud-init[960]: |o = B +o..       |
[    9.722969] cloud-init[960]: |.= + @.*=.       |
[    9.723506] cloud-init[960]: |o o o O+S+       |
[    9.723811] cloud-init[960]: | . . . .++. E    |
[    9.724177] cloud-init[960]: |      .o=. .     |
[    9.724920] cloud-init[960]: |       =.++      |
[    9.725434] cloud-init[960]: |        *=o      |
[    9.725776] cloud-init[960]: +----[SHA256]-----+
[    9.726661] cloud-init[960]: Generating public/private ecdsa key pair.
[    9.727682] cloud-init[960]: Your identification has been saved in /etc/ssh/ssh_host_ecdsa_key.
[    9.728070] cloud-init[960]: Your public key has been saved in /etc/ssh/ssh_host_ecdsa_key.pub.
[0;32m  OK  [0m] Started Initial cloud-init job (metadata service crawler).
[[0;32m  OK  [0m] Reached target System Initialization.
[[0;32m  OK  [0m] Started Daily apt download activities.
[[0;32m  OK  [0m] Started Daily Cleanup of Temporary Directories.
[[0;32m  OK  [0m] Started Daily apt upgrade and clean activities.
[[0;32m  OK  [0m] Started Message of the Day.
         Starting Socket activation for snappy daemon.
[[0;32m  OK  [0m] Listening on UUID daemon activation socket.
[    9.728442] cloud-init[960]: The key fingerprint is:
[    9.778353] [[0;32m  OK  [0m] Started ACPI Events Check.
[[0;32m  OK  [0m] Reached target Paths.
cloud-init         Starting LXD - unix socket.
[[0;32m  OK  [0m] Listening on D-Bus System Message Bus Socket.
[[0;32m  OK  [0m] Started Ubuntu Advantage update messaging.
[[0;32m  OK  [0m] Reached target Timers.
[[0;32m  OK  [0m] Listening on ACPID Listen Socket.
[[0;32m  OK  [0m] Reached target Cloud-config availability.
[[0;32m  OK  [0m] Reached target Network is Online.
[960]: SHA256:4DB6txpRer7Zqb94CCdpDxc1Z+T+DifujvVHXIWwM9I root@ubuntu-xenial
[    9.794150] cloud-init[960]: The key's randomart image is:
[    9.798027] cloud-init[960]: +---[ECDSA 256]---+
[    9.801624] cloud-init[960]: |         .. .. . |
[    9.805293] cloud-init[960]: |        o.o. .. .|         Starting iSCSI initiator daemon (iscsid)...
[[0;32m  OK  [0m] Listening on Socket activation for snappy daemon.
[[0;32m  OK  [0m] Listening on LXD - unix socket.
[[0;32m  OK  [0m] Reached target Sockets.
[[0;32m  OK  [0m] Reached target Basic System.
         Starting /etc/rc.local Compatibility...
[[0;32m  OK  [0m] Started Deferred execution scheduler.
         Starting Virtualbox guest utils...

         Starting Pollinate to seed the pseudo random number generator...
         Starting Accounts Service...
         Starting LSB: MD monitoring daemon...
         Starting Login Service...
[[0;32m  OK  [0m] Started D-Bus System Message Bus.
[    9.858605] cloud-init[960]: |    o o. +o E   .|
[    9.872092] cloud-init[960]: |   . *.. . . o  .|
[    9.885495] cloud-init[960]: |  . +.+.S .  . . |
[    9.892394] cloud-init[960]: |   .*=o.   .  o  |
[    9.897412] cloud-init[960]: |   ..Bo.  + o.   |
[    9.901803] cloud-init[960]: |     oo=.= *  .  |
[    9.905855]          Starting LXD - container startup/shutdown...
         Starting LSB: Record successful boot for GRUB...
cloud-init[960]: [[0;32m  OK  [0m] Started ACPI event daemon.
|    . =+*++ o.   |[[0;32m  OK  [0m] Started Regular background program processing daemon.
[[0;32m  OK  [0m] Started FUSE filesystem for LXC.

         Starting Snap Daemon...
         Starting System Logging Service...
[[0;32m  OK  [0m] Started /etc/rc.local Compatibility.
         Starting Authenticate and Authorize Users to Run Privileged Tasks...
[[0;32m  OK  [0m] Started iSCSI initiator daemon (iscsid).
[[0;32m  OK  [0m] Started Login Service.
[[0;32m  OK  [0m] Started Unattended Upgrades Shutdown.
         Starting Login to default iSCSI targets...
[[0;32m  OK  [0m] Started System Logging Service.
[    9.976078] cloud-init[960]: +----[SHA256]-----+
[   10.039749] cloud-init[960]: Generating public/private ed25519 key pair.
[   10.051088] [[0;32m  OK  [0m] Started LSB: MD monitoring daemon.
cloud-init[960]: Your identification has been saved in /etc/ssh/ssh_host_ed25519_key.
[   10.076083] cloud-init[960]: [[0;32m  OK  [0m] Started Authenticate and Authorize Users to Run Privileged Tasks.
[[0;32m  OK  [0m] Started Accounts Service.
[[0;32m  OK  [0m] Started Login to default iSCSI targets.
[[0;32m  OK  [0m] Reached target Remote File Systems (Pre).
[[0;32m  OK  [0m] Reached target Remote File Systems.
         Starting LSB: Set the CPU Frequency Scaling governor to "ondemand"...
         Starting Permit User Sessions...
         Starting LSB: automatic crash report generation...
Your public key has been saved in /etc/ssh/ssh_host_ed25519_key.pub.         Starting LSB: daemon to balance interrupts for SMP systems...
[[0;32m  OK  [0m] Started LSB: Record successful boot for GRUB.
[[0;32m  OK  [0m] Started Permit User Sessions.

[   10.214768] cloud-init[960]: The key fingerprint is:
         Starting Hold until boot process finishes up...
         Starting Terminate Plymouth Boot Screen...
[   10.228919] cloud-init[960]: SHA256:cq1qLvEk/dgzHF+M1H2GFPLAaTGeumy57rbRNbjtsg0 root@ubuntu-xenial
[[0;32m  OK  [0m] Started Hold until boot process finishes up.
[[0;32m  OK  [0m] Started Terminate Plymouth Boot Screen.
[[0;32m  OK  [0m] Started LSB: Set the CPU Frequency Scaling governor to "ondemand".
         Starting Set console scheme...
[[0;32m  OK  [0m] Started Getty on tty1.
[   10.257534] cloud-init[960]: The key's randomart image is:
[   10.285024] cloud-init[960]: +--[ED25519 256]--+
[[0;32m  OK  [0m] Started Serial Getty on ttyS0.
[   10.296791] cloud-init[960]: |           .=o.. |
[[0;32m  OK  [0m] Reached target Login Prompts.
[[0;32m  OK  [0m] Started LSB: daemon to balance interrupts for SMP systems.
[[0;32m  OK  [0m] Started Set console scheme.
[   10.308072] cloud-init[960]: |           .+*.  |
[[0;32m  OK  [0m] Started LSB: automatic crash report generation.
[[0;32m  OK  [0m] Started LXD - container startup/shutdown.
[   10.345511] cloud-init[960]: |           ooo.. |
[   10.358347] cloud-init[960]: |         .....o o|
[   10.366360] cloud-init[960]: |     .. S.oo. oo |
[   10.377923] cloud-init[960]: |    o oo.o.+o+ . |
[   10.380973] cloud-init[960]: |     = =.o*.E .  |
[   10.383299] cloud-init[960]: |    . +.*.oo.+   |
[   10.385879] cloud-init[960]: |     +o  *=..oo  |
[   10.396049] cloud-init[960]: +----[SHA256]-----+
[[0;32m  OK  [0m] Started Virtualbox guest utils.
[[0;32m  OK  [0m] Started Snap Daemon.
         Starting Wait until snapd is fully seeded...
[[0;32m  OK  [0m] Started Pollinate to seed the pseudo random number generator.
         Starting OpenBSD Secure Shell server...
[[0;32m  OK  [0m] Started OpenBSD Secure Shell server.
[[0;32m  OK  [0m] Created slice User Slice of vagrant.
         Starting User Manager for UID 1000...
[[0;32m  OK  [0m] Started Session 1 of user vagrant.
[[0;32m  OK  [0m] Started User Manager for UID 1000.
[[0;32m  OK  [0m] Started Wait until snapd is fully seeded.
         Starting Apply the settings specified in cloud-config...
[[0;32m  OK  [0m] Reached target Multi-User System.
[[0;32m  OK  [0m] Reached target Graphical Interface.
         Starting Update UTMP about System Runlevel Changes...
[[0;32m  OK  [0m] Started Update UTMP about System Runlevel Changes.
[   13.157220] cloud-init[1447]: Generating locales (this might take a while)...
         Stopping User Manager for UID 1000...
[[0;32m  OK  [0m] Stopped User Manager for UID 1000.
[[0;32m  OK  [0m] Removed slice User Slice of vagrant.
[[0;32m  OK  [0m] Created slice User Slice of vagrant.
         Starting User Manager for UID 1000...
[[0;32m  OK  [0m] Started Session 2 of user vagrant.
[[0;32m  OK  [0m] Started User Manager for UID 1000.
[   13.998314] cloud-init[1447]:   en_US.UTF-8... done
[   14.033174] cloud-init[1447]: Generation complete.
[   14.264446] cloud-init[1447]: Cloud-init v. 21.1-19-gbad84ad4-0ubuntu1~16.04.2 running 'modules:config' at Fri, 09 Jun 2023 16:49:58 +0000. Up 12.99 seconds.
[[0;32m  OK  [0m] Started Apply the settings specified in cloud-config.
         Starting Execute cloud user/final scripts...
         Starting Hostname Service...
[[0;32m  OK  [0m] Started Hostname Service.
[[0;32m  OK  [0m] Stopped ifup for enp0s3.
[[0;32m  OK  [0m] Started ifup for enp0s3.
[[0;32m  OK  [0m] Stopped ifup for enp0s8.
[[0;32m  OK  [0m] Started ifup for enp0s8.
ci-info: no authorized SSH keys fingerprints found for user ubuntu.
<14>Jun  9 16:49:59 ec2: 
<14>Jun  9 16:49:59 ec2: #############################################################
<14>Jun  9 16:49:59 ec2: -----BEGIN SSH HOST KEY FINGERPRINTS-----
<14>Jun  9 16:49:59 ec2: 1024 SHA256:gxkLbTjPCXpBpAq3Ege39/h/BDPOTtA0tLvJ9niOzFc root@ubuntu-xenial (DSA)
<14>Jun  9 16:49:59 ec2: 256 SHA256:4DB6txpRer7Zqb94CCdpDxc1Z+T+DifujvVHXIWwM9I root@ubuntu-xenial (ECDSA)
<14>Jun  9 16:49:59 ec2: 256 SHA256:cq1qLvEk/dgzHF+M1H2GFPLAaTGeumy57rbRNbjtsg0 root@ubuntu-xenial (ED25519)
<14>Jun  9 16:49:59 ec2: 2048 SHA256:WHSbqAQxvDvliw4zmarQ8RR0UXjeGnWSBM6PKpx24mA root@ubuntu-xenial (RSA)
<14>Jun  9 16:49:59 ec2: -----END SSH HOST KEY FINGERPRINTS-----
<14>Jun  9 16:49:59 ec2: #############################################################
-----BEGIN SSH HOST KEY KEYS-----
ecdsa-sha2-nistp256 AAAAE2VjZHNhLXNoYTItbmlzdHAyNTYAAAAIbmlzdHAyNTYAAABBBFgPowIhW7Z0SqaZWlvU5fjE+jDLVaLW9jbABfImaVzkz2VDuO+uu94nkk1B24ReyIxrz9BJN5CASP916L6NVbI= root@ubuntu-xenial
ssh-ed25519 AAAAC3NzaC1lZDI1NTE5AAAAINgHhufZQvdqFHsAgGc+ee0XNw0Y0UybN3PLZvLb6hFI root@ubuntu-xenial
ssh-rsa AAAAB3NzaC1yc2EAAAADAQABAAABAQDQKpxE+P56e3LgczdRdN5bS+Ih8Dsz5d8ANgQcSCmNxeVP7jp8M4jvC7kwLRVF0+h615MIgkHN66YDOjl2Pn+ox8al/HI9PROuQ+hL4/h8BCxfN+3ONzIoC48CPivTqG1cE2nw3i7JDMt5TdDOvppgQQfHZleP1Cuxoxi3cuNc64Zd7ztBoumuo/V/UbGi04fCf7qJqK51bW8j6+9550+sguuFWdJoIBqEIHh+Pf6oZ+ynXMkx7dssZSjo2GoIQ+khR2LRZihGeXn6rhh7qs565Y9c0oMNKVAVzMA0ZCA9mGgcO+YylaZ9z2DyqsxB9lz1v6yDDDok+thJhoA6wPPb root@ubuntu-xenial
-----END SSH HOST KEY KEYS-----
[   14.846190] cloud-init[1689]: Cloud-init v. 21.1-19-gbad84ad4-0ubuntu1~16.04.2 running 'modules:final' at Fri, 09 Jun 2023 16:49:59 +0000. Up 14.66 seconds.
[   14.864370] cloud-init[1689]: ci-info: no authorized SSH keys fingerprints found for user ubuntu.
[   14.869554] cloud-init[1689]: Cloud-init v. 21.1-19-gbad84ad4-0ubuntu1~16.04.2 finished at Fri, 09 Jun 2023 16:49:59 +0000. Datasource DataSourceNoCloud [seed=/dev/sdb][dsmode=net].  Up 14.83 seconds
[[0;32m  OK  [0m] Started Execute cloud user/final scripts.
[[0;32m  OK  [0m] Reached target Cloud-init target.

Ubuntu 16.04.7 LTS web01 ttyS0

web01 login:          Stopping User Manager for UID 1000...
         Stopping ACPI event daemon...
         Stopping Authenticate and Authorize Users to Run Privileged Tasks...
[[0;32m  OK  [0m] Stopped target Cloud-init target.
[[0;32m  OK  [0m] Stopped Execute cloud user/final scripts.
[[0;32m  OK  [0m] Stopped Apply the settings specified in cloud-config.
[[0;32m  OK  [0m] Stopped target Graphical Interface.
[[0;32m  OK  [0m] Stopped target Multi-User System.
[[0;32m  OK  [0m] Stopped Wait until snapd is fully seeded.
         Stopping LSB: automatic crash report generation...
[[0;32m  OK  [0m] Stopped target Login Prompts.
         Stopping Serial Getty on ttyS0...
         Stopping Regular background program processing daemon...
         Stopping System Logging Service...
         Stopping OpenBSD Secure Shell server...
         Stopping A high performance web server and a reverse proxy server...
         Stopping LXD - container startup/shutdown...
         Stopping Deferred execution scheduler...
         Stopping LSB: MD monitoring daemon...
         Stopping LSB: Record successful boot for GRUB...
[[0;32m  OK  [0m] Closed Load/Save RF Kill Switch Status /dev/rfkill Watch.
         Stopping Session 3 of user vagrant.
         Stopping Getty on tty1...
[[0;32m  OK  [0m] Stopped target Cloud-config availability.
         Stopping D-Bus System Message Bus...
         Stopping LSB: Set the CPU Frequency Scaling governor to "ondemand"...
         Stopping LSB: daemon to balance interrupts for SMP systems...
[[0;32m  OK  [0m] Stopped target Timers.
[[0;32m  OK  [0m] Stopped Ubuntu Advantage update messaging.
[[0;32m  OK  [0m] Stopped Message of the Day.
[[0;32m  OK  [0m] Stopped Daily Cleanup of Temporary Directories.
[[0;32m  OK  [0m] Stopped Daily apt upgrade and clean activities.
[[0;32m  OK  [0m] Stopped Daily apt download activities.
         Stopping Virtualbox guest utils...
         Stopping FUSE filesystem for LXC...
[[0;32m  OK  [0m] Stopped target System Time Synchronized.
         Stopping Accounts Service...
[[0;32m  OK  [0m] Stopped Deferred execution scheduler.
[[0;32m  OK  [0m] Stopped Regular background program processing daemon.
[[0;32m  OK  [0m] Stopped Authenticate and Authorize Users to Run Privileged Tasks.
[[0;32m  OK  [0m] Stopped Getty on tty1.
[[0;32m  OK  [0m] Stopped Accounts Service.
[[0;32m  OK  [0m] Stopped ACPI event daemon.
[[0;32m  OK  [0m] Stopped System Logging Service.
[[0;32m  OK  [0m] Stopped Serial Getty on ttyS0.
[[0;32m  OK  [0m] Stopped OpenBSD Secure Shell server.
[[0;32m  OK  [0m] Stopped User Manager for UID 1000.
[[0;32m  OK  [0m] Stopped D-Bus System Message Bus.
[[0;32m  OK  [0m] Stopped Session 3 of user vagrant.
[[0;32m  OK  [0m] Stopped FUSE filesystem for LXC.
[[0;32m  OK  [0m] Stopped A high performance web server and a reverse proxy server.
[[0;32m  OK  [0m] Unmounted /var/lib/lxcfs.
[[0;32m  OK  [0m] Stopped LXD - container startup/shutdown.
[[0;32m  OK  [0m] Stopped LSB: Record successful boot for GRUB.
[[0;32m  OK  [0m] Removed slice User Slice of vagrant.
         Stopping Login Service...
[[0;32m  OK  [0m] Removed slice system-serial\x2dgetty.slice.
         Stopping Permit User Sessions...
[[0;32m  OK  [0m] Removed slice system-getty.slice.
[[0;32m  OK  [0m] Stopped /etc/rc.local Compatibility.
[[0;32m  OK  [0m] Stopped LSB: automatic crash report generation.
[[0;32m  OK  [0m] Stopped LSB: MD monitoring daemon.
[[0;32m  OK  [0m] Stopped LSB: Set the CPU Frequency Scaling governor to "ondemand".
[[0;32m  OK  [0m] Stopped LSB: daemon to balance interrupts for SMP systems.
[[0;32m  OK  [0m] Stopped Virtualbox guest utils.
[[0;32m  OK  [0m] Stopped Permit User Sessions.
[[0;32m  OK  [0m] Stopped target Remote File Systems.
         Unmounting /vagrant...
[[0;32m  OK  [0m] Unmounted /vagrant.
[[0;32m  OK  [0m] Stopped target Remote File Systems (Pre).
         Stopping Login to default iSCSI targets...
[[0;32m  OK  [0m] Stopped Login Service.
[[0;32m  OK  [0m] Stopped target User and Group Name Lookups.
[[0;32m  OK  [0m] Stopped target Basic System.
[[0;32m  OK  [0m] Stopped target Sockets.
[[0;32m  OK  [0m] Closed Syslog Socket.
[[0;32m  OK  [0m] Closed Socket activation for snappy daemon.
[[0;32m  OK  [0m] Closed UUID daemon activation socket.
[[0;32m  OK  [0m] Closed LXD - unix socket.
[[0;32m  OK  [0m] Closed ACPID Listen Socket.
[[0;32m  OK  [0m] Stopped target Paths.
[[0;32m  OK  [0m] Stopped Forward Password Requests to Wall Directory Watch.
[[0;32m  OK  [0m] Stopped ACPI Events Check.
[[0;32m  OK  [0m] Stopped Dispatch Password Requests to Console Directory Watch.
[[0;32m  OK  [0m] Stopped target Slices.
[[0;32m  OK  [0m] Removed slice User and Session Slice.
[[0;32m  OK  [0m] Closed D-Bus System Message Bus Socket.
[[0;32m  OK  [0m] Stopped target System Initialization.
[[0;32m  OK  [0m] Stopped Commit a transient machine-id on disk.
[[0;32m  OK  [0m] Stopped Create Volatile Files and Directories.
[[0;32m  OK  [0m] Stopped target Encrypted Volumes.
         Stopping Load/Save Random Seed...
[[0;32m  OK  [0m] Stopped target Swap.
[[0;32m  OK  [0m] Stopped Load/Save Random Seed.
[[0;32m  OK  [0m] Stopped Login to default iSCSI targets.
         Stopping iSCSI initiator daemon (iscsid)...
[[0;32m  OK  [0m] Stopped iSCSI initiator daemon (iscsid).
[[0;32m  OK  [0m] Stopped target Network is Online.
[[0;32m  OK  [0m] Stopped Initial cloud-init job (metadata service crawler).
[[0;32m  OK  [0m] Stopped target Network.
         Stopping Raise network interfaces...
[[0;32m  OK  [0m] Stopped Raise network interfaces.
[[0;32m  OK  [0m] Stopped Apply Kernel Variables.
[[0;32m  OK  [0m] Stopped Load Kernel Modules.
[[0;32m  OK  [0m] Stopped target Local File Systems.
         Unmounting /run/user/1000...
[[0;32m  OK  [0m] Stopped target Network (Pre).
[[0;32m  OK  [0m] Stopped Initial cloud-init job (pre-networking).
[[0;32m  OK  [0m] Unmounted /run/user/1000.
[[0;32m  OK  [0m] Reached target Unmount All Filesystems.
[[0;32m  OK  [0m] Stopped target Local File Systems (Pre).
         Stopping Monitoring of LVM2 mirrors... dmeventd or progress polling...
[[0;32m  OK  [0m] Stopped Create Static Device Nodes in /dev.
[[0;32m  OK  [0m] Stopped Remount Root and Kernel File Systems.
[[0;32m  OK  [0m] Reached target Shutdown.
[  264.513698] reboot: Power down
